<?xml version="1.0" encoding="UTF-8"?>
<testng-results total="1" passed="1" failed="0" skipped="0">
  <reporter-output>
  </reporter-output>
  <suite started-at="2021-06-11T13:49:58Z" name="Default suite" finished-at="2021-06-11T13:50:22Z" duration-ms="23752">
    <groups>
    </groups>
    <test started-at="2021-06-11T13:49:58Z" name="Default test" finished-at="2021-06-11T13:50:22Z" duration-ms="23752">
      <class name="Academy.Homepage">
        <test-method signature="basePageNavigation()[pri:0, instance:Academy.Homepage@1b8a29df]" started-at="2021-06-11T19:19:58Z" name="basePageNavigation" finished-at="2021-06-11T19:20:22Z" duration-ms="23711" status="PASS">
          <reporter-output>
          </reporter-output>
        </test-method> <!-- basePageNavigation -->
      </class> <!-- Academy.Homepage -->
    </test> <!-- Default test -->
  </suite> <!-- Default suite -->
</testng-results>
